<?xml version="1.0" encoding="UTF-8"?>
<testsuite xmlns:xsi="http://www.w3.org/2001/XMLSchema-instance" xsi:noNamespaceSchemaLocation="https://maven.apache.org/surefire/maven-surefire-plugin/xsd/surefire-test-report.xsd" version="3.0.2" name="com.arc.arc.ArcApplicationTests" time="10.958" tests="1" errors="0" skipped="0" failures="0">
  <properties>
[...]
</properties>
  <testcase name="contextLoads" classname="com.arc.arc.ArcApplicationTests" time="2.501">
    <system-out><![CDATA[20:09:25.425 [main] INFO org.springframework.test.context.support.AnnotationConfigContextLoaderUtils -- Could not detect default configuration classes for test class [com.arc.arc.ArcApplicationTests]: ArcApplicationTests does not declare any static, non-private, non-final, nested classes annotated with @Configuration.
20:09:25.862 [main] INFO org.springframework.boot.test.context.SpringBootTestContextBootstrapper -- Found @SpringBootConfiguration com.arc.arc.ArcApplication for test class com.arc.arc.ArcApplicationTests
20:09:26.425 [main] INFO org.springframework.boot.devtools.restart.RestartApplicationListener -- Restart disabled due to context in which it is running

  .   ____          _            __ _ _
 /\\ / ___'_ __ _ _(_)_ __  __ _ \ \ \ \
( ( )\___ | '_ | '_| | '_ \/ _` | \ \ \ \
 \\/  ___)| |_)| | | | | || (_| |  ) ) ) )
  '  |____| .__|_| |_|_| |_\__, | / / / /
 =========|_|==============|___/=/_/_/_/

 :: Spring Boot ::             (v3.4.0-M2)

2024-09-18T20:09:28.103+05:30  INFO 6392 --- [           main] com.arc.arc.ArcApplicationTests          : Starting ArcApplicationTests using Java 22.0.2 with PID 6392 (started by hp in C:\Users\hp\Downloads\spring boot\01 spring boot overview\04 arc command line)
2024-09-18T20:09:28.118+05:30  INFO 6392 --- [           main] com.arc.arc.ArcApplicationTests          : No active profile set, falling back to 1 default profile: "default"
2024-09-18T20:09:33.256+05:30  INFO 6392 --- [           main] com.arc.arc.ArcApplicationTests          : Started ArcApplicationTests in 6.894 seconds (process running for 10.117)
]]></system-out>
    <system-err><![CDATA[WARNING: A Java agent has been loaded dynamically (C:\Users\hp\.m2\repository\net\bytebuddy\byte-buddy-agent\1.14.19\byte-buddy-agent-1.14.19.jar)
WARNING: If a serviceability tool is in use, please run with -XX:+EnableDynamicAgentLoading to hide this warning
WARNING: If a serviceability tool is not in use, please run with -Djdk.instrument.traceUsage for more information
WARNING: Dynamic loading of agents will be disallowed by default in a future release
]]></system-err>
  </testcase>
</testsuite>